TN:
SF:Car.js
FN:2,(anonymous_0)
FN:11,(anonymous_1)
FN:15,(anonymous_2)
FN:19,(anonymous_3)
FN:23,(anonymous_4)
FN:28,(anonymous_5)
FN:35,(anonymous_6)
FN:46,(anonymous_7)
FNF:8
FNH:3
FNDA:3,(anonymous_0)
FNDA:0,(anonymous_1)
FNDA:0,(anonymous_2)
FNDA:0,(anonymous_3)
FNDA:0,(anonymous_4)
FNDA:2,(anonymous_5)
FNDA:1,(anonymous_6)
FNDA:0,(anonymous_7)
DA:3,3
DA:4,3
DA:5,3
DA:6,3
DA:7,3
DA:8,3
DA:12,0
DA:16,0
DA:20,0
DA:24,0
DA:29,2
DA:30,2
DA:31,2
DA:32,2
DA:36,1
DA:37,0
DA:38,0
DA:40,1
DA:41,1
DA:42,1
DA:43,1
DA:47,0
DA:52,1
LF:23
LH:16
BRDA:2,0,0,0
BRDA:2,1,0,0
BRDA:2,2,0,0
BRDA:36,3,0,0
BRDA:36,3,1,1
BRF:5
BRH:1
end_of_record
TN:
SF:Person.js
FN:2,(anonymous_0)
FN:7,(anonymous_1)
FN:11,(anonymous_2)
FNF:3
FNH:3
FNDA:2,(anonymous_0)
FNDA:2,(anonymous_1)
FNDA:2,(anonymous_2)
DA:3,2
DA:4,2
DA:8,2
DA:12,2
DA:16,1
LF:5
LH:5
BRF:0
BRH:0
end_of_record
TN:
SF:Student.js
FN:4,(anonymous_0)
FN:11,(anonymous_1)
FN:15,(anonymous_2)
FNF:3
FNH:3
FNDA:1,(anonymous_0)
FNDA:1,(anonymous_1)
FNDA:1,(anonymous_2)
DA:1,1
DA:5,1
DA:6,1
DA:7,1
DA:12,1
DA:16,1
DA:20,1
LF:7
LH:7
BRF:0
BRH:0
end_of_record
TN:
SF:Teacher.js
FN:3,(anonymous_0)
FN:8,(anonymous_1)
FNF:2
FNH:2
FNDA:1,(anonymous_0)
FNDA:1,(anonymous_1)
DA:1,1
DA:4,1
DA:5,1
DA:9,1
DA:13,1
LF:5
LH:5
BRF:0
BRH:0
end_of_record
